<?xml version="1.0" encoding="UTF-8"?>
<testsuite xmlns:xsi="http://www.w3.org/2001/XMLSchema-instance" xsi:noNamespaceSchemaLocation="https://maven.apache.org/surefire/maven-surefire-plugin/xsd/surefire-test-report.xsd" name="New_Maven1.New_Maven1.GreetingControllerTest" time="0.528" tests="1" errors="0" skipped="0" failures="0">
  <properties>
    <property name="java.specification.version" value="17"/>
    <property name="sun.cpu.isalist" value="amd64"/>
    <property name="sun.jnu.encoding" value="Cp1252"/>
    <property name="java.class.path" value="E:\New_Maven1\New_Maven1-backend\target\test-classes;E:\New_Maven1\New_Maven1-backend\target\classes;E:\New_Maven1\New_Maven1-frontend\target\classes;C:\Users\Pradnya\.m2\repository\org\springframework\boot\spring-boot-starter-webflux\2.2.0.M5\spring-boot-starter-webflux-2.2.0.M5.jar;C:\Users\Pradnya\.m2\repository\org\springframework\boot\spring-boot-starter\2.2.0.M5\spring-boot-starter-2.2.0.M5.jar;C:\Users\Pradnya\.m2\repository\org\springframework\boot\spring-boot-starter-logging\2.2.0.M5\spring-boot-starter-logging-2.2.0.M5.jar;C:\Users\Pradnya\.m2\repository\ch\qos\logback\logback-classic\1.2.3\logback-classic-1.2.3.jar;C:\Users\Pradnya\.m2\repository\ch\qos\logback\logback-core\1.2.3\logback-core-1.2.3.jar;C:\Users\Pradnya\.m2\repository\org\apache\logging\log4j\log4j-to-slf4j\2.12.0\log4j-to-slf4j-2.12.0.jar;C:\Users\Pradnya\.m2\repository\org\apache\logging\log4j\log4j-api\2.12.0\log4j-api-2.12.0.jar;C:\Users\Pradnya\.m2\repository\org\slf4j\jul-to-slf4j\1.7.26\jul-to-slf4j-1.7.26.jar;C:\Users\Pradnya\.m2\repository\jakarta\annotation\jakarta.annotation-api\1.3.4\jakarta.annotation-api-1.3.4.jar;C:\Users\Pradnya\.m2\repository\org\yaml\snakeyaml\1.24\snakeyaml-1.24.jar;C:\Users\Pradnya\.m2\repository\org\springframework\boot\spring-boot-starter-json\2.2.0.M5\spring-boot-starter-json-2.2.0.M5.jar;C:\Users\Pradnya\.m2\repository\com\fasterxml\jackson\core\jackson-databind\2.9.9\jackson-databind-2.9.9.jar;C:\Users\Pradnya\.m2\repository\com\fasterxml\jackson\core\jackson-annotations\2.9.0\jackson-annotations-2.9.0.jar;C:\Users\Pradnya\.m2\repository\com\fasterxml\jackson\core\jackson-core\2.9.9\jackson-core-2.9.9.jar;C:\Users\Pradnya\.m2\repository\com\fasterxml\jackson\datatype\jackson-datatype-jdk8\2.9.9\jackson-datatype-jdk8-2.9.9.jar;C:\Users\Pradnya\.m2\repository\com\fasterxml\jackson\datatype\jackson-datatype-jsr310\2.9.9\jackson-datatype-jsr310-2.9.9.jar;C:\Users\Pradnya\.m2\repository\com\fasterxml\jackson\module\jackson-module-parameter-names\2.9.9\jackson-module-parameter-names-2.9.9.jar;C:\Users\Pradnya\.m2\repository\org\springframework\boot\spring-boot-starter-reactor-netty\2.2.0.M5\spring-boot-starter-reactor-netty-2.2.0.M5.jar;C:\Users\Pradnya\.m2\repository\io\projectreactor\netty\reactor-netty\0.9.0.M3\reactor-netty-0.9.0.M3.jar;C:\Users\Pradnya\.m2\repository\io\netty\netty-codec-http\4.1.38.Final\netty-codec-http-4.1.38.Final.jar;C:\Users\Pradnya\.m2\repository\io\netty\netty-common\4.1.38.Final\netty-common-4.1.38.Final.jar;C:\Users\Pradnya\.m2\repository\io\netty\netty-buffer\4.1.38.Final\netty-buffer-4.1.38.Final.jar;C:\Users\Pradnya\.m2\repository\io\netty\netty-transport\4.1.38.Final\netty-transport-4.1.38.Final.jar;C:\Users\Pradnya\.m2\repository\io\netty\netty-resolver\4.1.38.Final\netty-resolver-4.1.38.Final.jar;C:\Users\Pradnya\.m2\repository\io\netty\netty-codec\4.1.38.Final\netty-codec-4.1.38.Final.jar;C:\Users\Pradnya\.m2\repository\io\netty\netty-codec-http2\4.1.38.Final\netty-codec-http2-4.1.38.Final.jar;C:\Users\Pradnya\.m2\repository\io\netty\netty-handler\4.1.38.Final\netty-handler-4.1.38.Final.jar;C:\Users\Pradnya\.m2\repository\io\netty\netty-handler-proxy\4.1.38.Final\netty-handler-proxy-4.1.38.Final.jar;C:\Users\Pradnya\.m2\repository\io\netty\netty-codec-socks\4.1.38.Final\netty-codec-socks-4.1.38.Final.jar;C:\Users\Pradnya\.m2\repository\io\netty\netty-transport-native-epoll\4.1.38.Final\netty-transport-native-epoll-4.1.38.Final-linux-x86_64.jar;C:\Users\Pradnya\.m2\repository\io\netty\netty-transport-native-unix-common\4.1.38.Final\netty-transport-native-unix-common-4.1.38.Final.jar;C:\Users\Pradnya\.m2\repository\io\projectreactor\addons\reactor-pool\0.0.1.M3\reactor-pool-0.0.1.M3.jar;C:\Users\Pradnya\.m2\repository\org\glassfish\jakarta.el\3.0.2\jakarta.el-3.0.2.jar;C:\Users\Pradnya\.m2\repository\org\springframework\boot\spring-boot-starter-validation\2.2.0.M5\spring-boot-starter-validation-2.2.0.M5.jar;C:\Users\Pradnya\.m2\repository\jakarta\validation\jakarta.validation-api\2.0.1\jakarta.validation-api-2.0.1.jar;C:\Users\Pradnya\.m2\repository\org\hibernate\validator\hibernate-validator\6.0.17.Final\hibernate-validator-6.0.17.Final.jar;C:\Users\Pradnya\.m2\repository\org\jboss\logging\jboss-logging\3.4.0.Final\jboss-logging-3.4.0.Final.jar;C:\Users\Pradnya\.m2\repository\com\fasterxml\classmate\1.5.0\classmate-1.5.0.jar;C:\Users\Pradnya\.m2\repository\org\springframework\spring-web\5.2.0.RC1\spring-web-5.2.0.RC1.jar;C:\Users\Pradnya\.m2\repository\org\springframework\spring-beans\5.2.0.RC1\spring-beans-5.2.0.RC1.jar;C:\Users\Pradnya\.m2\repository\org\springframework\spring-webflux\5.2.0.RC1\spring-webflux-5.2.0.RC1.jar;C:\Users\Pradnya\.m2\repository\org\synchronoss\cloud\nio-multipart-parser\1.1.0\nio-multipart-parser-1.1.0.jar;C:\Users\Pradnya\.m2\repository\org\slf4j\slf4j-api\1.7.26\slf4j-api-1.7.26.jar;C:\Users\Pradnya\.m2\repository\org\synchronoss\cloud\nio-stream-storage\1.1.3\nio-stream-storage-1.1.3.jar;C:\Users\Pradnya\.m2\repository\org\springframework\boot\spring-boot-devtools\2.2.0.M5\spring-boot-devtools-2.2.0.M5.jar;C:\Users\Pradnya\.m2\repository\org\springframework\boot\spring-boot\2.2.0.M5\spring-boot-2.2.0.M5.jar;C:\Users\Pradnya\.m2\repository\org\springframework\spring-context\5.2.0.RC1\spring-context-5.2.0.RC1.jar;C:\Users\Pradnya\.m2\repository\org\springframework\spring-aop\5.2.0.RC1\spring-aop-5.2.0.RC1.jar;C:\Users\Pradnya\.m2\repository\org\springframework\spring-expression\5.2.0.RC1\spring-expression-5.2.0.RC1.jar;C:\Users\Pradnya\.m2\repository\org\springframework\boot\spring-boot-autoconfigure\2.2.0.M5\spring-boot-autoconfigure-2.2.0.M5.jar;C:\Users\Pradnya\.m2\repository\org\springframework\boot\spring-boot-starter-test\2.2.0.M5\spring-boot-starter-test-2.2.0.M5.jar;C:\Users\Pradnya\.m2\repository\org\springframework\boot\spring-boot-test\2.2.0.M5\spring-boot-test-2.2.0.M5.jar;C:\Users\Pradnya\.m2\repository\org\springframework\boot\spring-boot-test-autoconfigure\2.2.0.M5\spring-boot-test-autoconfigure-2.2.0.M5.jar;C:\Users\Pradnya\.m2\repository\com\jayway\jsonpath\json-path\2.4.0\json-path-2.4.0.jar;C:\Users\Pradnya\.m2\repository\net\minidev\json-smart\2.3\json-smart-2.3.jar;C:\Users\Pradnya\.m2\repository\net\minidev\accessors-smart\1.2\accessors-smart-1.2.jar;C:\Users\Pradnya\.m2\repository\org\ow2\asm\asm\5.0.4\asm-5.0.4.jar;C:\Users\Pradnya\.m2\repository\jakarta\xml\bind\jakarta.xml.bind-api\2.3.2\jakarta.xml.bind-api-2.3.2.jar;C:\Users\Pradnya\.m2\repository\jakarta\activation\jakarta.activation-api\1.2.1\jakarta.activation-api-1.2.1.jar;C:\Users\Pradnya\.m2\repository\org\junit\jupiter\junit-jupiter\5.5.1\junit-jupiter-5.5.1.jar;C:\Users\Pradnya\.m2\repository\org\junit\jupiter\junit-jupiter-api\5.5.1\junit-jupiter-api-5.5.1.jar;C:\Users\Pradnya\.m2\repository\org\apiguardian\apiguardian-api\1.1.0\apiguardian-api-1.1.0.jar;C:\Users\Pradnya\.m2\repository\org\opentest4j\opentest4j\1.2.0\opentest4j-1.2.0.jar;C:\Users\Pradnya\.m2\repository\org\junit\platform\junit-platform-commons\1.5.1\junit-platform-commons-1.5.1.jar;C:\Users\Pradnya\.m2\repository\org\junit\jupiter\junit-jupiter-params\5.5.1\junit-jupiter-params-5.5.1.jar;C:\Users\Pradnya\.m2\repository\org\junit\jupiter\junit-jupiter-engine\5.5.1\junit-jupiter-engine-5.5.1.jar;C:\Users\Pradnya\.m2\repository\org\junit\platform\junit-platform-engine\1.5.1\junit-platform-engine-1.5.1.jar;C:\Users\Pradnya\.m2\repository\org\mockito\mockito-junit-jupiter\2.28.2\mockito-junit-jupiter-2.28.2.jar;C:\Users\Pradnya\.m2\repository\org\assertj\assertj-core\3.13.2\assertj-core-3.13.2.jar;C:\Users\Pradnya\.m2\repository\org\hamcrest\hamcrest\2.1\hamcrest-2.1.jar;C:\Users\Pradnya\.m2\repository\org\mockito\mockito-core\2.28.2\mockito-core-2.28.2.jar;C:\Users\Pradnya\.m2\repository\net\bytebuddy\byte-buddy\1.10.0\byte-buddy-1.10.0.jar;C:\Users\Pradnya\.m2\repository\net\bytebuddy\byte-buddy-agent\1.10.0\byte-buddy-agent-1.10.0.jar;C:\Users\Pradnya\.m2\repository\org\objenesis\objenesis\2.6\objenesis-2.6.jar;C:\Users\Pradnya\.m2\repository\org\skyscreamer\jsonassert\1.5.0\jsonassert-1.5.0.jar;C:\Users\Pradnya\.m2\repository\com\vaadin\external\google\android-json\0.0.20131108.vaadin1\android-json-0.0.20131108.vaadin1.jar;C:\Users\Pradnya\.m2\repository\org\springframework\spring-core\5.2.0.RC1\spring-core-5.2.0.RC1.jar;C:\Users\Pradnya\.m2\repository\org\springframework\spring-jcl\5.2.0.RC1\spring-jcl-5.2.0.RC1.jar;C:\Users\Pradnya\.m2\repository\org\springframework\spring-test\5.2.0.RC1\spring-test-5.2.0.RC1.jar;C:\Users\Pradnya\.m2\repository\org\xmlunit\xmlunit-core\2.6.3\xmlunit-core-2.6.3.jar;C:\Users\Pradnya\.m2\repository\io\projectreactor\reactor-test\3.3.0.M3\reactor-test-3.3.0.M3.jar;C:\Users\Pradnya\.m2\repository\io\projectreactor\reactor-core\3.3.0.M3\reactor-core-3.3.0.M3.jar;C:\Users\Pradnya\.m2\repository\org\reactivestreams\reactive-streams\1.0.2\reactive-streams-1.0.2.jar;"/>
    <property name="java.vm.vendor" value="Eclipse Adoptium"/>
    <property name="sun.arch.data.model" value="64"/>
    <property name="user.variant" value=""/>
    <property name="java.vendor.url" value="https://adoptium.net/"/>
    <property name="user.timezone" value="Asia/Calcutta"/>
    <property name="os.name" value="Windows 10"/>
    <property name="java.vm.specification.version" value="17"/>
    <property name="sun.java.launcher" value="SUN_STANDARD"/>
    <property name="user.country" value="IN"/>
    <property name="sun.boot.library.path" value="C:\Users\Pradnya\.p2\pool\plugins\org.eclipse.justj.openjdk.hotspot.jre.full.win32.x86_64_17.0.9.v20231028-0858\jre\bin"/>
    <property name="sun.java.command" value="C:\Users\Pradnya\AppData\Local\Temp\surefire14560018863883485649\surefirebooter17286813887646072082.jar C:\Users\Pradnya\AppData\Local\Temp\surefire14560018863883485649 2024-03-26T06-37-18_958-jvmRun1 surefire12250558959627303720tmp surefire_06918445673264793287tmp"/>
    <property name="jdk.debug" value="release"/>
    <property name="surefire.test.class.path" value="E:\New_Maven1\New_Maven1-backend\target\test-classes;E:\New_Maven1\New_Maven1-backend\target\classes;E:\New_Maven1\New_Maven1-frontend\target\classes;C:\Users\Pradnya\.m2\repository\org\springframework\boot\spring-boot-starter-webflux\2.2.0.M5\spring-boot-starter-webflux-2.2.0.M5.jar;C:\Users\Pradnya\.m2\repository\org\springframework\boot\spring-boot-starter\2.2.0.M5\spring-boot-starter-2.2.0.M5.jar;C:\Users\Pradnya\.m2\repository\org\springframework\boot\spring-boot-starter-logging\2.2.0.M5\spring-boot-starter-logging-2.2.0.M5.jar;C:\Users\Pradnya\.m2\repository\ch\qos\logback\logback-classic\1.2.3\logback-classic-1.2.3.jar;C:\Users\Pradnya\.m2\repository\ch\qos\logback\logback-core\1.2.3\logback-core-1.2.3.jar;C:\Users\Pradnya\.m2\repository\org\apache\logging\log4j\log4j-to-slf4j\2.12.0\log4j-to-slf4j-2.12.0.jar;C:\Users\Pradnya\.m2\repository\org\apache\logging\log4j\log4j-api\2.12.0\log4j-api-2.12.0.jar;C:\Users\Pradnya\.m2\repository\org\slf4j\jul-to-slf4j\1.7.26\jul-to-slf4j-1.7.26.jar;C:\Users\Pradnya\.m2\repository\jakarta\annotation\jakarta.annotation-api\1.3.4\jakarta.annotation-api-1.3.4.jar;C:\Users\Pradnya\.m2\repository\org\yaml\snakeyaml\1.24\snakeyaml-1.24.jar;C:\Users\Pradnya\.m2\repository\org\springframework\boot\spring-boot-starter-json\2.2.0.M5\spring-boot-starter-json-2.2.0.M5.jar;C:\Users\Pradnya\.m2\repository\com\fasterxml\jackson\core\jackson-databind\2.9.9\jackson-databind-2.9.9.jar;C:\Users\Pradnya\.m2\repository\com\fasterxml\jackson\core\jackson-annotations\2.9.0\jackson-annotations-2.9.0.jar;C:\Users\Pradnya\.m2\repository\com\fasterxml\jackson\core\jackson-core\2.9.9\jackson-core-2.9.9.jar;C:\Users\Pradnya\.m2\repository\com\fasterxml\jackson\datatype\jackson-datatype-jdk8\2.9.9\jackson-datatype-jdk8-2.9.9.jar;C:\Users\Pradnya\.m2\repository\com\fasterxml\jackson\datatype\jackson-datatype-jsr310\2.9.9\jackson-datatype-jsr310-2.9.9.jar;C:\Users\Pradnya\.m2\repository\com\fasterxml\jackson\module\jackson-module-parameter-names\2.9.9\jackson-module-parameter-names-2.9.9.jar;C:\Users\Pradnya\.m2\repository\org\springframework\boot\spring-boot-starter-reactor-netty\2.2.0.M5\spring-boot-starter-reactor-netty-2.2.0.M5.jar;C:\Users\Pradnya\.m2\repository\io\projectreactor\netty\reactor-netty\0.9.0.M3\reactor-netty-0.9.0.M3.jar;C:\Users\Pradnya\.m2\repository\io\netty\netty-codec-http\4.1.38.Final\netty-codec-http-4.1.38.Final.jar;C:\Users\Pradnya\.m2\repository\io\netty\netty-common\4.1.38.Final\netty-common-4.1.38.Final.jar;C:\Users\Pradnya\.m2\repository\io\netty\netty-buffer\4.1.38.Final\netty-buffer-4.1.38.Final.jar;C:\Users\Pradnya\.m2\repository\io\netty\netty-transport\4.1.38.Final\netty-transport-4.1.38.Final.jar;C:\Users\Pradnya\.m2\repository\io\netty\netty-resolver\4.1.38.Final\netty-resolver-4.1.38.Final.jar;C:\Users\Pradnya\.m2\repository\io\netty\netty-codec\4.1.38.Final\netty-codec-4.1.38.Final.jar;C:\Users\Pradnya\.m2\repository\io\netty\netty-codec-http2\4.1.38.Final\netty-codec-http2-4.1.38.Final.jar;C:\Users\Pradnya\.m2\repository\io\netty\netty-handler\4.1.38.Final\netty-handler-4.1.38.Final.jar;C:\Users\Pradnya\.m2\repository\io\netty\netty-handler-proxy\4.1.38.Final\netty-handler-proxy-4.1.38.Final.jar;C:\Users\Pradnya\.m2\repository\io\netty\netty-codec-socks\4.1.38.Final\netty-codec-socks-4.1.38.Final.jar;C:\Users\Pradnya\.m2\repository\io\netty\netty-transport-native-epoll\4.1.38.Final\netty-transport-native-epoll-4.1.38.Final-linux-x86_64.jar;C:\Users\Pradnya\.m2\repository\io\netty\netty-transport-native-unix-common\4.1.38.Final\netty-transport-native-unix-common-4.1.38.Final.jar;C:\Users\Pradnya\.m2\repository\io\projectreactor\addons\reactor-pool\0.0.1.M3\reactor-pool-0.0.1.M3.jar;C:\Users\Pradnya\.m2\repository\org\glassfish\jakarta.el\3.0.2\jakarta.el-3.0.2.jar;C:\Users\Pradnya\.m2\repository\org\springframework\boot\spring-boot-starter-validation\2.2.0.M5\spring-boot-starter-validation-2.2.0.M5.jar;C:\Users\Pradnya\.m2\repository\jakarta\validation\jakarta.validation-api\2.0.1\jakarta.validation-api-2.0.1.jar;C:\Users\Pradnya\.m2\repository\org\hibernate\validator\hibernate-validator\6.0.17.Final\hibernate-validator-6.0.17.Final.jar;C:\Users\Pradnya\.m2\repository\org\jboss\logging\jboss-logging\3.4.0.Final\jboss-logging-3.4.0.Final.jar;C:\Users\Pradnya\.m2\repository\com\fasterxml\classmate\1.5.0\classmate-1.5.0.jar;C:\Users\Pradnya\.m2\repository\org\springframework\spring-web\5.2.0.RC1\spring-web-5.2.0.RC1.jar;C:\Users\Pradnya\.m2\repository\org\springframework\spring-beans\5.2.0.RC1\spring-beans-5.2.0.RC1.jar;C:\Users\Pradnya\.m2\repository\org\springframework\spring-webflux\5.2.0.RC1\spring-webflux-5.2.0.RC1.jar;C:\Users\Pradnya\.m2\repository\org\synchronoss\cloud\nio-multipart-parser\1.1.0\nio-multipart-parser-1.1.0.jar;C:\Users\Pradnya\.m2\repository\org\slf4j\slf4j-api\1.7.26\slf4j-api-1.7.26.jar;C:\Users\Pradnya\.m2\repository\org\synchronoss\cloud\nio-stream-storage\1.1.3\nio-stream-storage-1.1.3.jar;C:\Users\Pradnya\.m2\repository\org\springframework\boot\spring-boot-devtools\2.2.0.M5\spring-boot-devtools-2.2.0.M5.jar;C:\Users\Pradnya\.m2\repository\org\springframework\boot\spring-boot\2.2.0.M5\spring-boot-2.2.0.M5.jar;C:\Users\Pradnya\.m2\repository\org\springframework\spring-context\5.2.0.RC1\spring-context-5.2.0.RC1.jar;C:\Users\Pradnya\.m2\repository\org\springframework\spring-aop\5.2.0.RC1\spring-aop-5.2.0.RC1.jar;C:\Users\Pradnya\.m2\repository\org\springframework\spring-expression\5.2.0.RC1\spring-expression-5.2.0.RC1.jar;C:\Users\Pradnya\.m2\repository\org\springframework\boot\spring-boot-autoconfigure\2.2.0.M5\spring-boot-autoconfigure-2.2.0.M5.jar;C:\Users\Pradnya\.m2\repository\org\springframework\boot\spring-boot-starter-test\2.2.0.M5\spring-boot-starter-test-2.2.0.M5.jar;C:\Users\Pradnya\.m2\repository\org\springframework\boot\spring-boot-test\2.2.0.M5\spring-boot-test-2.2.0.M5.jar;C:\Users\Pradnya\.m2\repository\org\springframework\boot\spring-boot-test-autoconfigure\2.2.0.M5\spring-boot-test-autoconfigure-2.2.0.M5.jar;C:\Users\Pradnya\.m2\repository\com\jayway\jsonpath\json-path\2.4.0\json-path-2.4.0.jar;C:\Users\Pradnya\.m2\repository\net\minidev\json-smart\2.3\json-smart-2.3.jar;C:\Users\Pradnya\.m2\repository\net\minidev\accessors-smart\1.2\accessors-smart-1.2.jar;C:\Users\Pradnya\.m2\repository\org\ow2\asm\asm\5.0.4\asm-5.0.4.jar;C:\Users\Pradnya\.m2\repository\jakarta\xml\bind\jakarta.xml.bind-api\2.3.2\jakarta.xml.bind-api-2.3.2.jar;C:\Users\Pradnya\.m2\repository\jakarta\activation\jakarta.activation-api\1.2.1\jakarta.activation-api-1.2.1.jar;C:\Users\Pradnya\.m2\repository\org\junit\jupiter\junit-jupiter\5.5.1\junit-jupiter-5.5.1.jar;C:\Users\Pradnya\.m2\repository\org\junit\jupiter\junit-jupiter-api\5.5.1\junit-jupiter-api-5.5.1.jar;C:\Users\Pradnya\.m2\repository\org\apiguardian\apiguardian-api\1.1.0\apiguardian-api-1.1.0.jar;C:\Users\Pradnya\.m2\repository\org\opentest4j\opentest4j\1.2.0\opentest4j-1.2.0.jar;C:\Users\Pradnya\.m2\repository\org\junit\platform\junit-platform-commons\1.5.1\junit-platform-commons-1.5.1.jar;C:\Users\Pradnya\.m2\repository\org\junit\jupiter\junit-jupiter-params\5.5.1\junit-jupiter-params-5.5.1.jar;C:\Users\Pradnya\.m2\repository\org\junit\jupiter\junit-jupiter-engine\5.5.1\junit-jupiter-engine-5.5.1.jar;C:\Users\Pradnya\.m2\repository\org\junit\platform\junit-platform-engine\1.5.1\junit-platform-engine-1.5.1.jar;C:\Users\Pradnya\.m2\repository\org\mockito\mockito-junit-jupiter\2.28.2\mockito-junit-jupiter-2.28.2.jar;C:\Users\Pradnya\.m2\repository\org\assertj\assertj-core\3.13.2\assertj-core-3.13.2.jar;C:\Users\Pradnya\.m2\repository\org\hamcrest\hamcrest\2.1\hamcrest-2.1.jar;C:\Users\Pradnya\.m2\repository\org\mockito\mockito-core\2.28.2\mockito-core-2.28.2.jar;C:\Users\Pradnya\.m2\repository\net\bytebuddy\byte-buddy\1.10.0\byte-buddy-1.10.0.jar;C:\Users\Pradnya\.m2\repository\net\bytebuddy\byte-buddy-agent\1.10.0\byte-buddy-agent-1.10.0.jar;C:\Users\Pradnya\.m2\repository\org\objenesis\objenesis\2.6\objenesis-2.6.jar;C:\Users\Pradnya\.m2\repository\org\skyscreamer\jsonassert\1.5.0\jsonassert-1.5.0.jar;C:\Users\Pradnya\.m2\repository\com\vaadin\external\google\android-json\0.0.20131108.vaadin1\android-json-0.0.20131108.vaadin1.jar;C:\Users\Pradnya\.m2\repository\org\springframework\spring-core\5.2.0.RC1\spring-core-5.2.0.RC1.jar;C:\Users\Pradnya\.m2\repository\org\springframework\spring-jcl\5.2.0.RC1\spring-jcl-5.2.0.RC1.jar;C:\Users\Pradnya\.m2\repository\org\springframework\spring-test\5.2.0.RC1\spring-test-5.2.0.RC1.jar;C:\Users\Pradnya\.m2\repository\org\xmlunit\xmlunit-core\2.6.3\xmlunit-core-2.6.3.jar;C:\Users\Pradnya\.m2\repository\io\projectreactor\reactor-test\3.3.0.M3\reactor-test-3.3.0.M3.jar;C:\Users\Pradnya\.m2\repository\io\projectreactor\reactor-core\3.3.0.M3\reactor-core-3.3.0.M3.jar;C:\Users\Pradnya\.m2\repository\org\reactivestreams\reactive-streams\1.0.2\reactive-streams-1.0.2.jar;"/>
    <property name="sun.cpu.endian" value="little"/>
    <property name="user.home" value="C:\Users\Pradnya"/>
    <property name="user.language" value="en"/>
    <property name="java.specification.vendor" value="Oracle Corporation"/>
    <property name="java.version.date" value="2023-10-17"/>
    <property name="java.home" value="C:\Users\Pradnya\.p2\pool\plugins\org.eclipse.justj.openjdk.hotspot.jre.full.win32.x86_64_17.0.9.v20231028-0858\jre"/>
    <property name="file.separator" value="\"/>
    <property name="style.color" value="always"/>
    <property name="basedir" value="E:\New_Maven1\New_Maven1-backend"/>
    <property name="java.vm.compressedOopsMode" value="32-bit"/>
    <property name="line.separator" value="&#10;"/>
    <property name="java.vm.specification.vendor" value="Oracle Corporation"/>
    <property name="java.specification.name" value="Java Platform API Specification"/>
    <property name="surefire.real.class.path" value="C:\Users\Pradnya\AppData\Local\Temp\surefire14560018863883485649\surefirebooter17286813887646072082.jar"/>
    <property name="user.script" value=""/>
    <property name="sun.management.compiler" value="HotSpot 64-Bit Tiered Compilers"/>
    <property name="java.runtime.version" value="17.0.9+9"/>
    <property name="user.name" value="Pradnya"/>
    <property name="path.separator" value=";"/>
    <property name="os.version" value="10.0"/>
    <property name="java.runtime.name" value="OpenJDK Runtime Environment"/>
    <property name="file.encoding" value="Cp1252"/>
    <property name="java.vm.name" value="OpenJDK 64-Bit Server VM"/>
    <property name="java.vendor.version" value="Temurin-17.0.9+9"/>
    <property name="localRepository" value="C:\Users\Pradnya\.m2\repository"/>
    <property name="java.vendor.url.bug" value="https://github.com/adoptium/adoptium-support/issues"/>
    <property name="java.io.tmpdir" value="C:\Users\Pradnya\AppData\Local\Temp\"/>
    <property name="java.version" value="17.0.9"/>
    <property name="user.dir" value="E:\New_Maven1\New_Maven1-backend"/>
    <property name="os.arch" value="amd64"/>
    <property name="java.vm.specification.name" value="Java Virtual Machine Specification"/>
    <property name="sun.os.patch.level" value=""/>
    <property name="native.encoding" value="Cp1252"/>
    <property name="java.library.path" value="C:\Users\Pradnya\.p2\pool\plugins\org.eclipse.justj.openjdk.hotspot.jre.full.win32.x86_64_17.0.9.v20231028-0858\jre\bin;C:\WINDOWS\Sun\Java\bin;C:\WINDOWS\system32;C:\WINDOWS;C:/Users/Pradnya/.p2/pool/plugins/org.eclipse.justj.openjdk.hotspot.jre.full.win32.x86_64_17.0.9.v20231028-0858/jre/bin/server;C:/Users/Pradnya/.p2/pool/plugins/org.eclipse.justj.openjdk.hotspot.jre.full.win32.x86_64_17.0.9.v20231028-0858/jre/bin;C:\Program Files\Common Files\Oracle\Java\javapath;C:\Program Files (x86)\Common Files\Oracle\Java\javapath;C:\WINDOWS\system32;C:\WINDOWS;C:\WINDOWS\System32\Wbem;C:\WINDOWS\System32\WindowsPowerShell\v1.0\;C:\WINDOWS\System32\OpenSSH\;C:\Program Files\Java\jdk-21\bin;C:\Program Files\Git\cmd;C:\Program Files\jdk-17.0.10\bin,C:\Program Files\apache-maven-3.9.6\bin;C:\Users\Pradnya\Desktop;;."/>
    <property name="java.vm.info" value="mixed mode"/>
    <property name="java.vendor" value="Eclipse Adoptium"/>
    <property name="java.vm.version" value="17.0.9+9"/>
    <property name="sun.io.unicode.encoding" value="UnicodeLittle"/>
    <property name="java.class.version" value="61.0"/>
  </properties>
  <testcase name="greeting" classname="New_Maven1.New_Maven1.GreetingControllerTest" time="0.478"/>
</testsuite>